<?xml version="1.0" encoding="UTF-8"?>
<!-- Generated by org.testng.reporters.JUnitXMLReporter -->
<testsuite ignored="1" hostname="INLEN8520087472" failures="0" tests="1" name="NGTAssesmentShibashis2023Janurary" time="40.819" errors="0" timestamp="2023-01-09T17:47:27 IST">
  <testcase classname="Base.Base" name="TestCase2" time="40.772"/>
  <testcase classname="Base.Base" name="TestCase1" time="0.0">
    <ignored/>
  </testcase> <!-- TestCase1 -->
</testsuite> <!-- NGTAssesmentShibashis2023Janurary -->
