<?xml version="1.0" encoding="UTF-8"?>
<testng-results ignored="1" total="2" passed="1" failed="0" skipped="0">
  <reporter-output>
  </reporter-output>
  <suite started-at="2023-01-09T17:46:46 IST" name="Default Suite" finished-at="2023-01-09T17:47:27 IST" duration-ms="40819">
    <groups>
    </groups>
    <test started-at="2023-01-09T17:46:46 IST" name="NGTAssesmentShibashis2023Janurary" finished-at="2023-01-09T17:47:27 IST" duration-ms="40819">
      <class name="Base.Base">
        <test-method signature="TestCase2()[pri:0, instance:Base.Base@402e37bc]" started-at="2023-01-09T17:46:46 IST" name="TestCase2" finished-at="2023-01-09T17:47:27 IST" duration-ms="40772" status="PASS">
          <reporter-output>
          </reporter-output>
        </test-method> <!-- TestCase2 -->
      </class> <!-- Base.Base -->
    </test> <!-- NGTAssesmentShibashis2023Janurary -->
  </suite> <!-- Default Suite -->
</testng-results>
